This file contains any messages produced by compilers while
running configure, to aid debugging if configure makes a mistake.

It was created by RECURRENT NEURAL NETWORK LIBRARY configure 1.0, which was
generated by GNU Autoconf 2.61.  Invocation command line was

  $ ./configure CPPFLAGS=-I/home/mason/rnnlib/rnn/include LDFLAGS=-L/home/mason/rnnlib/rnn/lib

## --------- ##
## Platform. ##
## --------- ##

hostname = mason-PC
uname -m = x86_64
uname -r = 3.13.0-32-generic
uname -s = Linux
uname -v = #57-Ubuntu SMP Tue Jul 15 03:51:08 UTC 2014

/usr/bin/uname -p = unknown
/bin/uname -X     = unknown

/bin/arch              = unknown
/usr/bin/arch -k       = unknown
/usr/convex/getsysinfo = unknown
/usr/bin/hostinfo      = unknown
/bin/machine           = unknown
/usr/bin/oslevel       = unknown
/bin/universe          = unknown

PATH: /usr/local/sbin
PATH: /usr/local/bin
PATH: /usr/sbin
PATH: /usr/bin
PATH: /sbin
PATH: /bin
PATH: /snap/bin


## ----------- ##
## Core tests. ##
## ----------- ##

configure:1783: checking for a BSD-compatible install
configure:1839: result: /usr/bin/install -c
configure:1850: checking whether build environment is sane
configure:1893: result: yes
configure:1921: checking for a thread-safe mkdir -p
configure:1960: result: /bin/mkdir -p
configure:1973: checking for gawk
configure:1989: found /usr/bin/gawk
configure:2000: result: gawk
configure:2011: checking whether make sets $(MAKE)
configure:2032: result: yes
configure:2280: checking for g++
configure:2296: found /usr/bin/g++
configure:2307: result: g++
configure:2338: checking for C++ compiler version
configure:2345: g++ --version >&5
g++ (Ubuntu 4.8.4-2ubuntu1~14.04.3) 4.8.4
Copyright (C) 2013 Free Software Foundation, Inc.
This is free software; see the source for copying conditions.  There is NO
warranty; not even for MERCHANTABILITY or FITNESS FOR A PARTICULAR PURPOSE.

configure:2348: $? = 0
configure:2355: g++ -v >&5
Using built-in specs.
COLLECT_GCC=g++
COLLECT_LTO_WRAPPER=/usr/lib/gcc/x86_64-linux-gnu/4.8/lto-wrapper
Target: x86_64-linux-gnu
Configured with: ../src/configure -v --with-pkgversion='Ubuntu 4.8.4-2ubuntu1~14.04.3' --with-bugurl=file:///usr/share/doc/gcc-4.8/README.Bugs --enable-languages=c,c++,java,go,d,fortran,objc,obj-c++ --prefix=/usr --program-suffix=-4.8 --enable-shared --enable-linker-build-id --libexecdir=/usr/lib --without-included-gettext --enable-threads=posix --with-gxx-include-dir=/usr/include/c++/4.8 --libdir=/usr/lib --enable-nls --with-sysroot=/ --enable-clocale=gnu --enable-libstdcxx-debug --enable-libstdcxx-time=yes --enable-gnu-unique-object --disable-libmudflap --enable-plugin --with-system-zlib --disable-browser-plugin --enable-java-awt=gtk --enable-gtk-cairo --with-java-home=/usr/lib/jvm/java-1.5.0-gcj-4.8-amd64/jre --enable-java-home --with-jvm-root-dir=/usr/lib/jvm/java-1.5.0-gcj-4.8-amd64 --with-jvm-jar-dir=/usr/lib/jvm-exports/java-1.5.0-gcj-4.8-amd64 --with-arch-directory=amd64 --with-ecj-jar=/usr/share/java/eclipse-ecj.jar --enable-objc-gc --enable-multiarch --disable-werror --with-arch-32=i686 --with-abi=m64 --with-multilib-list=m32,m64,mx32 --with-tune=generic --enable-checking=release --build=x86_64-linux-gnu --host=x86_64-linux-gnu --target=x86_64-linux-gnu
Thread model: posix
gcc version 4.8.4 (Ubuntu 4.8.4-2ubuntu1~14.04.3) 
configure:2358: $? = 0
configure:2365: g++ -V >&5
g++: error: unrecognized command line option '-V'
g++: fatal error: no input files
compilation terminated.
configure:2368: $? = 4
configure:2391: checking for C++ compiler default output file name
configure:2418: g++  -I/home/mason/rnnlib/rnn/include -L/home/mason/rnnlib/rnn/lib conftest.cpp  >&5
configure:2421: $? = 0
configure:2459: result: a.out
configure:2476: checking whether the C++ compiler works
configure:2486: ./a.out
configure:2489: $? = 0
configure:2506: result: yes
configure:2513: checking whether we are cross compiling
configure:2515: result: no
configure:2518: checking for suffix of executables
configure:2525: g++ -o conftest  -I/home/mason/rnnlib/rnn/include -L/home/mason/rnnlib/rnn/lib conftest.cpp  >&5
configure:2528: $? = 0
configure:2552: result: 
configure:2558: checking for suffix of object files
configure:2584: g++ -c  -I/home/mason/rnnlib/rnn/include conftest.cpp >&5
configure:2587: $? = 0
configure:2610: result: o
configure:2614: checking whether we are using the GNU C++ compiler
configure:2643: g++ -c  -I/home/mason/rnnlib/rnn/include conftest.cpp >&5
configure:2649: $? = 0
configure:2666: result: yes
configure:2671: checking whether g++ accepts -g
configure:2701: g++ -c -g -I/home/mason/rnnlib/rnn/include conftest.cpp >&5
configure:2707: $? = 0
configure:2806: result: yes
configure:2840: checking for style of include used by make
configure:2868: result: GNU
configure:2893: checking dependency style of g++
configure:2984: result: gcc3
configure:3047: checking for gcc
configure:3063: found /usr/bin/gcc
configure:3074: result: gcc
configure:3312: checking for C compiler version
configure:3319: gcc --version >&5
gcc (Ubuntu 4.8.4-2ubuntu1~14.04.3) 4.8.4
Copyright (C) 2013 Free Software Foundation, Inc.
This is free software; see the source for copying conditions.  There is NO
warranty; not even for MERCHANTABILITY or FITNESS FOR A PARTICULAR PURPOSE.

configure:3322: $? = 0
configure:3329: gcc -v >&5
Using built-in specs.
COLLECT_GCC=gcc
COLLECT_LTO_WRAPPER=/usr/lib/gcc/x86_64-linux-gnu/4.8/lto-wrapper
Target: x86_64-linux-gnu
Configured with: ../src/configure -v --with-pkgversion='Ubuntu 4.8.4-2ubuntu1~14.04.3' --with-bugurl=file:///usr/share/doc/gcc-4.8/README.Bugs --enable-languages=c,c++,java,go,d,fortran,objc,obj-c++ --prefix=/usr --program-suffix=-4.8 --enable-shared --enable-linker-build-id --libexecdir=/usr/lib --without-included-gettext --enable-threads=posix --with-gxx-include-dir=/usr/include/c++/4.8 --libdir=/usr/lib --enable-nls --with-sysroot=/ --enable-clocale=gnu --enable-libstdcxx-debug --enable-libstdcxx-time=yes --enable-gnu-unique-object --disable-libmudflap --enable-plugin --with-system-zlib --disable-browser-plugin --enable-java-awt=gtk --enable-gtk-cairo --with-java-home=/usr/lib/jvm/java-1.5.0-gcj-4.8-amd64/jre --enable-java-home --with-jvm-root-dir=/usr/lib/jvm/java-1.5.0-gcj-4.8-amd64 --with-jvm-jar-dir=/usr/lib/jvm-exports/java-1.5.0-gcj-4.8-amd64 --with-arch-directory=amd64 --with-ecj-jar=/usr/share/java/eclipse-ecj.jar --enable-objc-gc --enable-multiarch --disable-werror --with-arch-32=i686 --with-abi=m64 --with-multilib-list=m32,m64,mx32 --with-tune=generic --enable-checking=release --build=x86_64-linux-gnu --host=x86_64-linux-gnu --target=x86_64-linux-gnu
Thread model: posix
gcc version 4.8.4 (Ubuntu 4.8.4-2ubuntu1~14.04.3) 
configure:3332: $? = 0
configure:3339: gcc -V >&5
gcc: error: unrecognized command line option '-V'
gcc: fatal error: no input files
compilation terminated.
configure:3342: $? = 4
configure:3345: checking whether we are using the GNU C compiler
configure:3374: gcc -c  -I/home/mason/rnnlib/rnn/include conftest.c >&5
configure:3380: $? = 0
configure:3397: result: yes
configure:3402: checking whether gcc accepts -g
configure:3432: gcc -c -g -I/home/mason/rnnlib/rnn/include conftest.c >&5
configure:3438: $? = 0
configure:3537: result: yes
configure:3554: checking for gcc option to accept ISO C89
configure:3628: gcc  -c -g -O2 -I/home/mason/rnnlib/rnn/include conftest.c >&5
configure:3634: $? = 0
configure:3657: result: none needed
configure:3677: checking dependency style of gcc
configure:3768: result: gcc3
configure:3796: checking for a BSD-compatible install
configure:3852: result: /usr/bin/install -c
configure:3873: checking for main in -lstdc++
configure:3902: g++ -o conftest -g -O2 -I/home/mason/rnnlib/rnn/include -L/home/mason/rnnlib/rnn/lib conftest.cpp -lstdc++   >&5
configure:3908: $? = 0
configure:3926: result: yes
configure:3938: checking for exp in -lm
configure:3973: g++ -o conftest -g -O2 -I/home/mason/rnnlib/rnn/include -L/home/mason/rnnlib/rnn/lib conftest.cpp -lm  -lstdc++  >&5
configure:3979: $? = 0
configure:3997: result: yes
configure:4009: checking for main in -lnetcdf
configure:4038: g++ -o conftest -g -O2 -I/home/mason/rnnlib/rnn/include -L/home/mason/rnnlib/rnn/lib conftest.cpp -lnetcdf  -lm -lstdc++  >&5
configure:4044: $? = 0
configure:4062: result: yes
configure:4080: checking for main in -lnetcdf_c++
configure:4109: g++ -o conftest -g -O2 -I/home/mason/rnnlib/rnn/include -L/home/mason/rnnlib/rnn/lib conftest.cpp -lnetcdf_c++  -lnetcdf -lm -lstdc++  >&5
configure:4115: $? = 0
configure:4133: result: yes
configure:4151: checking how to run the C++ preprocessor
configure:4187: g++ -E -I/home/mason/rnnlib/rnn/include conftest.cpp
configure:4193: $? = 0
configure:4224: g++ -E -I/home/mason/rnnlib/rnn/include conftest.cpp
conftest.cpp:14:28: fatal error: ac_nonexistent.h: No such file or directory
 #include <ac_nonexistent.h>
                            ^
compilation terminated.
configure:4230: $? = 1
configure: failed program was:
| /* confdefs.h.  */
| #define PACKAGE_NAME "RECURRENT NEURAL NETWORK LIBRARY"
| #define PACKAGE_TARNAME "RNNLIB"
| #define PACKAGE_VERSION "1.0"
| #define PACKAGE_STRING "RECURRENT NEURAL NETWORK LIBRARY 1.0"
| #define PACKAGE_BUGREPORT "graves@in.tum.de"
| #define PACKAGE "RNNLIB"
| #define VERSION "1.0"
| #define HAVE_LIBSTDC__ 1
| #define HAVE_LIBM 1
| #define HAVE_LIBNETCDF 1
| #define HAVE_LIBNETCDF_C__ 1
| /* end confdefs.h.  */
| #include <ac_nonexistent.h>
configure:4263: result: g++ -E
configure:4292: g++ -E -I/home/mason/rnnlib/rnn/include conftest.cpp
configure:4298: $? = 0
configure:4329: g++ -E -I/home/mason/rnnlib/rnn/include conftest.cpp
conftest.cpp:14:28: fatal error: ac_nonexistent.h: No such file or directory
 #include <ac_nonexistent.h>
                            ^
compilation terminated.
configure:4335: $? = 1
configure: failed program was:
| /* confdefs.h.  */
| #define PACKAGE_NAME "RECURRENT NEURAL NETWORK LIBRARY"
| #define PACKAGE_TARNAME "RNNLIB"
| #define PACKAGE_VERSION "1.0"
| #define PACKAGE_STRING "RECURRENT NEURAL NETWORK LIBRARY 1.0"
| #define PACKAGE_BUGREPORT "graves@in.tum.de"
| #define PACKAGE "RNNLIB"
| #define VERSION "1.0"
| #define HAVE_LIBSTDC__ 1
| #define HAVE_LIBM 1
| #define HAVE_LIBNETCDF 1
| #define HAVE_LIBNETCDF_C__ 1
| /* end confdefs.h.  */
| #include <ac_nonexistent.h>
configure:4373: checking for grep that handles long lines and -e
configure:4447: result: /bin/grep
configure:4452: checking for egrep
configure:4530: result: /bin/grep -E
configure:4535: checking for ANSI C header files
configure:4565: g++ -c -g -O2 -I/home/mason/rnnlib/rnn/include conftest.cpp >&5
configure:4571: $? = 0
configure:4670: g++ -o conftest -g -O2 -I/home/mason/rnnlib/rnn/include -L/home/mason/rnnlib/rnn/lib conftest.cpp -lnetcdf_c++ -lnetcdf -lm -lstdc++  >&5
configure:4673: $? = 0
configure:4679: ./conftest
configure:4682: $? = 0
configure:4699: result: yes
configure:4723: checking for sys/types.h
configure:4744: g++ -c -g -O2 -I/home/mason/rnnlib/rnn/include conftest.cpp >&5
configure:4750: $? = 0
configure:4766: result: yes
configure:4723: checking for sys/stat.h
configure:4744: g++ -c -g -O2 -I/home/mason/rnnlib/rnn/include conftest.cpp >&5
configure:4750: $? = 0
configure:4766: result: yes
configure:4723: checking for stdlib.h
configure:4744: g++ -c -g -O2 -I/home/mason/rnnlib/rnn/include conftest.cpp >&5
configure:4750: $? = 0
configure:4766: result: yes
configure:4723: checking for string.h
configure:4744: g++ -c -g -O2 -I/home/mason/rnnlib/rnn/include conftest.cpp >&5
configure:4750: $? = 0
configure:4766: result: yes
configure:4723: checking for memory.h
configure:4744: g++ -c -g -O2 -I/home/mason/rnnlib/rnn/include conftest.cpp >&5
configure:4750: $? = 0
configure:4766: result: yes
configure:4723: checking for strings.h
configure:4744: g++ -c -g -O2 -I/home/mason/rnnlib/rnn/include conftest.cpp >&5
configure:4750: $? = 0
configure:4766: result: yes
configure:4723: checking for inttypes.h
configure:4744: g++ -c -g -O2 -I/home/mason/rnnlib/rnn/include conftest.cpp >&5
configure:4750: $? = 0
configure:4766: result: yes
configure:4723: checking for stdint.h
configure:4744: g++ -c -g -O2 -I/home/mason/rnnlib/rnn/include conftest.cpp >&5
configure:4750: $? = 0
configure:4766: result: yes
configure:4723: checking for unistd.h
configure:4744: g++ -c -g -O2 -I/home/mason/rnnlib/rnn/include conftest.cpp >&5
configure:4750: $? = 0
configure:4766: result: yes
configure:4794: checking time.h usability
configure:4811: g++ -c -g -O2 -I/home/mason/rnnlib/rnn/include conftest.cpp >&5
configure:4817: $? = 0
configure:4831: result: yes
configure:4835: checking time.h presence
configure:4850: g++ -E -I/home/mason/rnnlib/rnn/include conftest.cpp
configure:4856: $? = 0
configure:4870: result: yes
configure:4903: checking for time.h
configure:4911: result: yes
configure:4794: checking malloc.h usability
configure:4811: g++ -c -g -O2 -I/home/mason/rnnlib/rnn/include conftest.cpp >&5
configure:4817: $? = 0
configure:4831: result: yes
configure:4835: checking malloc.h presence
configure:4850: g++ -E -I/home/mason/rnnlib/rnn/include conftest.cpp
configure:4856: $? = 0
configure:4870: result: yes
configure:4903: checking for malloc.h
configure:4911: result: yes
configure:5059: creating ./config.status

## ---------------------- ##
## Running config.status. ##
## ---------------------- ##

This file was extended by RECURRENT NEURAL NETWORK LIBRARY config.status 1.0, which was
generated by GNU Autoconf 2.61.  Invocation command line was

  CONFIG_FILES    = 
  CONFIG_HEADERS  = 
  CONFIG_LINKS    = 
  CONFIG_COMMANDS = 
  $ ./config.status 

on mason-PC

config.status:642: creating Makefile
config.status:642: creating src/Makefile
config.status:642: creating config.h
config.status:874: config.h is unchanged
config.status:920: executing depfiles commands

## ---------------- ##
## Cache variables. ##
## ---------------- ##

ac_cv_c_compiler_gnu=yes
ac_cv_cxx_compiler_gnu=yes
ac_cv_env_CCC_set=
ac_cv_env_CCC_value=
ac_cv_env_CC_set=
ac_cv_env_CC_value=
ac_cv_env_CFLAGS_set=
ac_cv_env_CFLAGS_value=
ac_cv_env_CPPFLAGS_set=set
ac_cv_env_CPPFLAGS_value=-I/home/mason/rnnlib/rnn/include
ac_cv_env_CXXCPP_set=
ac_cv_env_CXXCPP_value=
ac_cv_env_CXXFLAGS_set=
ac_cv_env_CXXFLAGS_value=
ac_cv_env_CXX_set=
ac_cv_env_CXX_value=
ac_cv_env_LDFLAGS_set=set
ac_cv_env_LDFLAGS_value=-L/home/mason/rnnlib/rnn/lib
ac_cv_env_LIBS_set=
ac_cv_env_LIBS_value=
ac_cv_env_build_alias_set=
ac_cv_env_build_alias_value=
ac_cv_env_host_alias_set=
ac_cv_env_host_alias_value=
ac_cv_env_target_alias_set=
ac_cv_env_target_alias_value=
ac_cv_header_inttypes_h=yes
ac_cv_header_malloc_h=yes
ac_cv_header_memory_h=yes
ac_cv_header_stdc=yes
ac_cv_header_stdint_h=yes
ac_cv_header_stdlib_h=yes
ac_cv_header_string_h=yes
ac_cv_header_strings_h=yes
ac_cv_header_sys_stat_h=yes
ac_cv_header_sys_types_h=yes
ac_cv_header_time_h=yes
ac_cv_header_unistd_h=yes
ac_cv_lib_m_exp=yes
ac_cv_lib_netcdf_cpp_main=yes
ac_cv_lib_netcdf_main=yes
ac_cv_lib_stdcpp_main=yes
ac_cv_objext=o
ac_cv_path_EGREP='/bin/grep -E'
ac_cv_path_GREP=/bin/grep
ac_cv_path_install='/usr/bin/install -c'
ac_cv_path_mkdir=/bin/mkdir
ac_cv_prog_AWK=gawk
ac_cv_prog_CXXCPP='g++ -E'
ac_cv_prog_ac_ct_CC=gcc
ac_cv_prog_ac_ct_CXX=g++
ac_cv_prog_cc_c89=
ac_cv_prog_cc_g=yes
ac_cv_prog_cxx_g=yes
ac_cv_prog_make_make_set=yes
am_cv_CC_dependencies_compiler_type=gcc3
am_cv_CXX_dependencies_compiler_type=gcc3

## ----------------- ##
## Output variables. ##
## ----------------- ##

ACLOCAL='${SHELL} /home/mason/rnnlib/sourcefile/rnnlib_source_forge_version/build-aux/missing --run aclocal-1.10'
AMDEPBACKSLASH='\'
AMDEP_FALSE='#'
AMDEP_TRUE=''
AMTAR='${SHELL} /home/mason/rnnlib/sourcefile/rnnlib_source_forge_version/build-aux/missing --run tar'
AUTOCONF='${SHELL} /home/mason/rnnlib/sourcefile/rnnlib_source_forge_version/build-aux/missing --run autoconf'
AUTOHEADER='${SHELL} /home/mason/rnnlib/sourcefile/rnnlib_source_forge_version/build-aux/missing --run autoheader'
AUTOMAKE='${SHELL} /home/mason/rnnlib/sourcefile/rnnlib_source_forge_version/build-aux/missing --run automake-1.10'
AWK='gawk'
CC='gcc'
CCDEPMODE='depmode=gcc3'
CFLAGS='-g -O2'
CPPFLAGS='-I/home/mason/rnnlib/rnn/include'
CXX='g++'
CXXCPP='g++ -E'
CXXDEPMODE='depmode=gcc3'
CXXFLAGS='-g -O2'
CYGPATH_W='echo'
DEFS='-DHAVE_CONFIG_H'
DEPDIR='.deps'
ECHO_C=''
ECHO_N='-n'
ECHO_T=''
EGREP='/bin/grep -E'
EXEEXT=''
GREP='/bin/grep'
INSTALL_DATA='${INSTALL} -m 644'
INSTALL_PROGRAM='${INSTALL}'
INSTALL_SCRIPT='${INSTALL}'
INSTALL_STRIP_PROGRAM='$(install_sh) -c -s'
LDFLAGS='-L/home/mason/rnnlib/rnn/lib'
LIBOBJS=''
LIBS='-lnetcdf_c++ -lnetcdf -lm -lstdc++ '
LTLIBOBJS=''
MAKEINFO='${SHELL} /home/mason/rnnlib/sourcefile/rnnlib_source_forge_version/build-aux/missing --run makeinfo'
OBJEXT='o'
PACKAGE='RNNLIB'
PACKAGE_BUGREPORT='graves@in.tum.de'
PACKAGE_NAME='RECURRENT NEURAL NETWORK LIBRARY'
PACKAGE_STRING='RECURRENT NEURAL NETWORK LIBRARY 1.0'
PACKAGE_TARNAME='RNNLIB'
PACKAGE_VERSION='1.0'
PATH_SEPARATOR=':'
SET_MAKE=''
SHELL='/bin/bash'
STRIP=''
VERSION='1.0'
ac_ct_CC='gcc'
ac_ct_CXX='g++'
am__fastdepCC_FALSE='#'
am__fastdepCC_TRUE=''
am__fastdepCXX_FALSE='#'
am__fastdepCXX_TRUE=''
am__include='include'
am__isrc=''
am__leading_dot='.'
am__quote=''
am__tar='${AMTAR} chof - "$$tardir"'
am__untar='${AMTAR} xf -'
bindir='${exec_prefix}/bin'
build_alias=''
datadir='${datarootdir}'
datarootdir='${prefix}/share'
docdir='${datarootdir}/doc/${PACKAGE_TARNAME}'
dvidir='${docdir}'
exec_prefix='${prefix}'
host_alias=''
htmldir='${docdir}'
includedir='${prefix}/include'
infodir='${datarootdir}/info'
install_sh='$(SHELL) /home/mason/rnnlib/sourcefile/rnnlib_source_forge_version/build-aux/install-sh'
libdir='${exec_prefix}/lib'
libexecdir='${exec_prefix}/libexec'
localedir='${datarootdir}/locale'
localstatedir='${prefix}/var'
mandir='${datarootdir}/man'
mkdir_p='/bin/mkdir -p'
oldincludedir='/usr/include'
pdfdir='${docdir}'
prefix='/usr/local'
program_transform_name='s,x,x,'
psdir='${docdir}'
sbindir='${exec_prefix}/sbin'
sharedstatedir='${prefix}/com'
sysconfdir='${prefix}/etc'
target_alias=''

## ----------- ##
## confdefs.h. ##
## ----------- ##

#define PACKAGE_NAME "RECURRENT NEURAL NETWORK LIBRARY"
#define PACKAGE_TARNAME "RNNLIB"
#define PACKAGE_VERSION "1.0"
#define PACKAGE_STRING "RECURRENT NEURAL NETWORK LIBRARY 1.0"
#define PACKAGE_BUGREPORT "graves@in.tum.de"
#define PACKAGE "RNNLIB"
#define VERSION "1.0"
#define HAVE_LIBSTDC__ 1
#define HAVE_LIBM 1
#define HAVE_LIBNETCDF 1
#define HAVE_LIBNETCDF_C__ 1
#define STDC_HEADERS 1
#define HAVE_SYS_TYPES_H 1
#define HAVE_SYS_STAT_H 1
#define HAVE_STDLIB_H 1
#define HAVE_STRING_H 1
#define HAVE_MEMORY_H 1
#define HAVE_STRINGS_H 1
#define HAVE_INTTYPES_H 1
#define HAVE_STDINT_H 1
#define HAVE_UNISTD_H 1
#define HAVE_TIME_H 1
#define HAVE_MALLOC_H 1

configure: exit 0
